<html>
<head>
<title>TestNG:  Smoke</title>
<link href="../testng.css" rel="stylesheet" type="text/css" />
<link href="../my-testng.css" rel="stylesheet" type="text/css" />

<style type="text/css">
.log { display: none;} 
.stack-trace { display: none;} 
</style>
<script type="text/javascript">
<!--
function flip(e) {
  current = e.style.display;
  if (current == 'block') {
    e.style.display = 'none';
    return 0;
  }
  else {
    e.style.display = 'block';
    return 1;
  }
}

function toggleBox(szDivId, elem, msg1, msg2)
{
  var res = -1;  if (document.getElementById) {
    res = flip(document.getElementById(szDivId));
  }
  else if (document.all) {
    // this is the way old msie versions work
    res = flip(document.all[szDivId]);
  }
  if(elem) {
    if(res == 0) elem.innerHTML = msg1; else elem.innerHTML = msg2;
  }

}

function toggleAllBoxes() {
  if (document.getElementsByTagName) {
    d = document.getElementsByTagName('div');
    for (i = 0; i < d.length; i++) {
      if (d[i].className == 'log') {
        flip(d[i]);
      }
    }
  }
}

// -->
</script>

</head>
<body>
<h2 align='center'>Smoke</h2><table border='1' align="center">
<tr>
<td>Tests passed/Failed/Skipped:</td><td>9/3/0</td>
</tr><tr>
<td>Started on:</td><td>Wed May 06 07:35:14 EDT 2020</td>
</tr>
<tr><td>Total time:</td><td>1357 seconds (1357620 ms)</td>
</tr><tr>
<td>Included groups:</td><td></td>
</tr><tr>
<td>Excluded groups:</td><td></td>
</tr>
</table><p/>
<small><i>(Hover the method name to see the test class name)</i></small><p/>
<table width='100%' border='1' class='invocation-failed'>
<tr><td colspan='4' align='center'><b>FAILED TESTS</b></td></tr>
<tr><td><b>Test method</b></td>
<td width="30%"><b>Exception</b></td>
<td width="10%"><b>Time (seconds)</b></td>
<td><b>Instance</b></td>
</tr>
<tr>
<td title='com.gps.TS_GPS_Smoke.tc_GPS_SmokeTest_003()'><b>tc_GPS_SmokeTest_003</b><br>Test class: com.gps.TS_GPS_Smoke<br>Parameters: Default, GPS, excel, excel, GPS QA1 AWS, Pawn Stars, Biography</td>
<td><div><pre>java.lang.AssertionError: Failed CLICK command  :Element [PG_GlobalSearchResultPage.btn_FilterSelecting] with Locator : //label[@for=&apos;Biography&apos;]
Verification failures : 
 [At : com.gps.LIB_Dashboard.bc_GlobalSearchforfiltering(Line:77)]

	at com.thoughtworks.selenium.SeleneseTestBaseVir.failure(SeleneseTestBaseVir.java:654)
	at com.thoughtworks.selenium.SeleneseTestBaseVir.assertTrue(SeleneseTestBaseVir.java:668)
	at com.virtusa.isq.vtaf.runtime.SeleniumTestBase.checkTrue(SeleniumTestBase.java:6269)
	at com.virtusa.isq.vtaf.runtime.SeleniumTestBase.doClick(SeleniumTestBase.java:1777)
	at com.virtusa.isq.vtaf.runtime.SeleniumTestBase.click(SeleniumTestBase.java:1674)
	at com.gps.LIB_Dashboard.bc_GlobalSearchforfiltering(LIB_Dashboard.java:77)
	at com.gps.TS_GPS_Smoke.tc_GPS_SmokeTest_003(TS_GPS_Smoke.java:578)
	at sun.reflect.NativeMethodAccessorImpl.invoke0(Native Method)
	at sun.reflect.NativeMethodAccessorImpl.invoke(NativeMethodAccessorImpl.java:62)
	at sun.reflect.DelegatingMethodAccessorImpl.invoke(DelegatingMethodAccessorImpl.java:43)
	at java.lang.reflect.Method.invoke(Method.java:498)
	at org.testng.internal.MethodInvocationHelper.invokeMethod(MethodInvocationHelper.java:80)
	at org.testng.internal.Invoker.invokeMethod(Invoker.java:673)
	at org.testng.internal.Invoker.invokeTestMethod(Invoker.java:842)
	at org.testng.internal.Invoker.invokeTestMethods(Invoker.java:1166)
	at org.testng.internal.TestMethodWorker.invokeTestMethods(TestMethodWorker.java:125)
	at org.testng.internal.TestMethodWorker.run(TestMethodWorker.java:109)
	at org.testng.TestRunner.runWorkers(TestRunner.java:1178)
	at org.testng.TestRunner.privateRun(TestRunner.java:757)
	at org.testng.TestRunner.run(TestRunner.java:608)
	at org.testng.SuiteRunner.runTest(SuiteRunner.java:334)
	at org.testng.SuiteRunner.runSequentially(SuiteRunner.java:329)
	at org.testng.SuiteRunner.privateRun(SuiteRunner.java:291)
	at org.testng.SuiteRunner.run(SuiteRunner.java:240)
	at org.testng.SuiteRunnerWorker.runSuite(SuiteRunnerWorker.java:52)
	at org.testng.SuiteRunnerWorker.run(SuiteRunnerWorker.java:86)
	at org.testng.TestNG.runSuitesSequentially(TestNG.java:1158)
	at org.testng.TestNG.runSuitesLocally(TestNG.java:1083)
	at org.testng.TestNG.run(TestNG.java:999)
	at org.testng.TestNG.privateMain(TestNG.java:1301)
	at org.testng.TestNG.main(TestNG.java:1265)
</pre></div><a href='#' onClick='toggleBox("stack-trace56510351", this, "Click to show all stack frames", "Click to hide stack frames")'>Click to show all stack frames</a>
<div class='stack-trace' id='stack-trace56510351'><pre>java.lang.AssertionError: Failed CLICK command  :Element [PG_GlobalSearchResultPage.btn_FilterSelecting] with Locator : //label[@for='Biography']
Verification failures : 
 [At : com.gps.LIB_Dashboard.bc_GlobalSearchforfiltering(Line:77)]

	at com.thoughtworks.selenium.SeleneseTestBaseVir.failure(SeleneseTestBaseVir.java:654)
	at com.thoughtworks.selenium.SeleneseTestBaseVir.assertTrue(SeleneseTestBaseVir.java:668)
	at com.virtusa.isq.vtaf.runtime.SeleniumTestBase.checkTrue(SeleniumTestBase.java:6269)
	at com.virtusa.isq.vtaf.runtime.SeleniumTestBase.doClick(SeleniumTestBase.java:1777)
	at com.virtusa.isq.vtaf.runtime.SeleniumTestBase.click(SeleniumTestBase.java:1674)
	at com.gps.LIB_Dashboard.bc_GlobalSearchforfiltering(LIB_Dashboard.java:77)
	at com.gps.TS_GPS_Smoke.tc_GPS_SmokeTest_003(TS_GPS_Smoke.java:578)
	at sun.reflect.NativeMethodAccessorImpl.invoke0(Native Method)
	at sun.reflect.NativeMethodAccessorImpl.invoke(NativeMethodAccessorImpl.java:62)
	at sun.reflect.DelegatingMethodAccessorImpl.invoke(DelegatingMethodAccessorImpl.java:43)
	at java.lang.reflect.Method.invoke(Method.java:498)
	at org.testng.internal.MethodInvocationHelper.invokeMethod(MethodInvocationHelper.java:80)
	at org.testng.internal.Invoker.invokeMethod(Invoker.java:673)
	at org.testng.internal.Invoker.invokeTestMethod(Invoker.java:842)
	at org.testng.internal.Invoker.invokeTestMethods(Invoker.java:1166)
	at org.testng.internal.TestMethodWorker.invokeTestMethods(TestMethodWorker.java:125)
	at org.testng.internal.TestMethodWorker.run(TestMethodWorker.java:109)
	at org.testng.TestRunner.runWorkers(TestRunner.java:1178)
	at org.testng.TestRunner.privateRun(TestRunner.java:757)
	at org.testng.TestRunner.run(TestRunner.java:608)
	at org.testng.SuiteRunner.runTest(SuiteRunner.java:334)
	at org.testng.SuiteRunner.runSequentially(SuiteRunner.java:329)
	at org.testng.SuiteRunner.privateRun(SuiteRunner.java:291)
	at org.testng.SuiteRunner.run(SuiteRunner.java:240)
	at org.testng.SuiteRunnerWorker.runSuite(SuiteRunnerWorker.java:52)
	at org.testng.SuiteRunnerWorker.run(SuiteRunnerWorker.java:86)
	at org.testng.TestNG.runSuitesSequentially(TestNG.java:1158)
	at org.testng.TestNG.runSuitesLocally(TestNG.java:1083)
	at org.testng.TestNG.run(TestNG.java:999)
	at org.testng.TestNG.privateMain(TestNG.java:1301)
	at org.testng.TestNG.main(TestNG.java:1265)
</pre></div></td>
<td>87</td>
<td>com.gps.TS_GPS_Smoke@5afa04c</td></tr>
<tr>
<td title='com.gps.TS_GPS_Smoke.tc_GPS_SmokeTest_009()'><b>tc_GPS_SmokeTest_009</b><br>Test class: com.gps.TS_GPS_Smoke<br>Parameters: Default, GPS, excel, excel, GPS QA1 AWS, Deal, null, Deal Offer, 153800, Exclusivity, First Run, Language, Linear, Syndication, New Media, Re-Transmission, Format Rights, null, 2015, Dec, 1, Deal Offer, Middle East, startDateId, endDateId, 16, 12, 2017, Search, Season: 1, Program Name, Secret Life Of Marilyn Monroe, The - Part 1 of 2, null, Non-Exclusive, No, Int, Eastern Hemisphere, Middle East</td>
<td><div><pre>java.lang.AssertionError: Failed CLICK command  :Element [PG_DealOffer.ele_Year] with Locator : //a[@class=&apos;k-link&apos; and contains(text(),&apos;2015&apos;)]
Verification failures : 
 [At : com.gps.LIB_Common.bc_SelectDatePicker(Line:711)]

	at com.thoughtworks.selenium.SeleneseTestBaseVir.failure(SeleneseTestBaseVir.java:654)
	at com.thoughtworks.selenium.SeleneseTestBaseVir.assertTrue(SeleneseTestBaseVir.java:668)
	at com.virtusa.isq.vtaf.runtime.SeleniumTestBase.checkTrue(SeleniumTestBase.java:6269)
	at com.virtusa.isq.vtaf.runtime.SeleniumTestBase.doForceClick(SeleniumTestBase.java:1892)
	at com.virtusa.isq.vtaf.runtime.SeleniumTestBase.forceClick(SeleniumTestBase.java:1798)
	at com.gps.LIB_Common.bc_SelectDatePicker(LIB_Common.java:711)
	at com.gps.LIB_Deal.bc_DealOffer_FillSearchRights(LIB_Deal.java:184)
	at com.gps.TS_GPS_Smoke.tc_GPS_SmokeTest_009(TS_GPS_Smoke.java:665)
	at sun.reflect.NativeMethodAccessorImpl.invoke0(Native Method)
	at sun.reflect.NativeMethodAccessorImpl.invoke(NativeMethodAccessorImpl.java:62)
	at sun.reflect.DelegatingMethodAccessorImpl.invoke(DelegatingMethodAccessorImpl.java:43)
	at java.lang.reflect.Method.invoke(Method.java:498)
	at org.testng.internal.MethodInvocationHelper.invokeMethod(MethodInvocationHelper.java:80)
	at org.testng.internal.Invoker.invokeMethod(Invoker.java:673)
	at org.testng.internal.Invoker.invokeTestMethod(Invoker.java:842)
	at org.testng.internal.Invoker.invokeTestMethods(Invoker.java:1166)
	at org.testng.internal.TestMethodWorker.invokeTestMethods(TestMethodWorker.java:125)
	at org.testng.internal.TestMethodWorker.run(TestMethodWorker.java:109)
	at org.testng.TestRunner.runWorkers(TestRunner.java:1178)
	at org.testng.TestRunner.privateRun(TestRunner.java:757)
	at org.testng.TestRunner.run(TestRunner.java:608)
	at org.testng.SuiteRunner.runTest(SuiteRunner.java:334)
	at org.testng.SuiteRunner.runSequentially(SuiteRunner.java:329)
	at org.testng.SuiteRunner.privateRun(SuiteRunner.java:291)
	at org.testng.SuiteRunner.run(SuiteRunner.java:240)
	at org.testng.SuiteRunnerWorker.runSuite(SuiteRunnerWorker.java:52)
	at org.testng.SuiteRunnerWorker.run(SuiteRunnerWorker.java:86)
	at org.testng.TestNG.runSuitesSequentially(TestNG.java:1158)
	at org.testng.TestNG.runSuitesLocally(TestNG.java:1083)
	at org.testng.TestNG.run(TestNG.java:999)
	at org.testng.TestNG.privateMain(TestNG.java:1301)
	at org.testng.TestNG.main(TestNG.java:1265)
</pre></div><a href='#' onClick='toggleBox("stack-trace45880026", this, "Click to show all stack frames", "Click to hide stack frames")'>Click to show all stack frames</a>
<div class='stack-trace' id='stack-trace45880026'><pre>java.lang.AssertionError: Failed CLICK command  :Element [PG_DealOffer.ele_Year] with Locator : //a[@class='k-link' and contains(text(),'2015')]
Verification failures : 
 [At : com.gps.LIB_Common.bc_SelectDatePicker(Line:711)]

	at com.thoughtworks.selenium.SeleneseTestBaseVir.failure(SeleneseTestBaseVir.java:654)
	at com.thoughtworks.selenium.SeleneseTestBaseVir.assertTrue(SeleneseTestBaseVir.java:668)
	at com.virtusa.isq.vtaf.runtime.SeleniumTestBase.checkTrue(SeleniumTestBase.java:6269)
	at com.virtusa.isq.vtaf.runtime.SeleniumTestBase.doForceClick(SeleniumTestBase.java:1892)
	at com.virtusa.isq.vtaf.runtime.SeleniumTestBase.forceClick(SeleniumTestBase.java:1798)
	at com.gps.LIB_Common.bc_SelectDatePicker(LIB_Common.java:711)
	at com.gps.LIB_Deal.bc_DealOffer_FillSearchRights(LIB_Deal.java:184)
	at com.gps.TS_GPS_Smoke.tc_GPS_SmokeTest_009(TS_GPS_Smoke.java:665)
	at sun.reflect.NativeMethodAccessorImpl.invoke0(Native Method)
	at sun.reflect.NativeMethodAccessorImpl.invoke(NativeMethodAccessorImpl.java:62)
	at sun.reflect.DelegatingMethodAccessorImpl.invoke(DelegatingMethodAccessorImpl.java:43)
	at java.lang.reflect.Method.invoke(Method.java:498)
	at org.testng.internal.MethodInvocationHelper.invokeMethod(MethodInvocationHelper.java:80)
	at org.testng.internal.Invoker.invokeMethod(Invoker.java:673)
	at org.testng.internal.Invoker.invokeTestMethod(Invoker.java:842)
	at org.testng.internal.Invoker.invokeTestMethods(Invoker.java:1166)
	at org.testng.internal.TestMethodWorker.invokeTestMethods(TestMethodWorker.java:125)
	at org.testng.internal.TestMethodWorker.run(TestMethodWorker.java:109)
	at org.testng.TestRunner.runWorkers(TestRunner.java:1178)
	at org.testng.TestRunner.privateRun(TestRunner.java:757)
	at org.testng.TestRunner.run(TestRunner.java:608)
	at org.testng.SuiteRunner.runTest(SuiteRunner.java:334)
	at org.testng.SuiteRunner.runSequentially(SuiteRunner.java:329)
	at org.testng.SuiteRunner.privateRun(SuiteRunner.java:291)
	at org.testng.SuiteRunner.run(SuiteRunner.java:240)
	at org.testng.SuiteRunnerWorker.runSuite(SuiteRunnerWorker.java:52)
	at org.testng.SuiteRunnerWorker.run(SuiteRunnerWorker.java:86)
	at org.testng.TestNG.runSuitesSequentially(TestNG.java:1158)
	at org.testng.TestNG.runSuitesLocally(TestNG.java:1083)
	at org.testng.TestNG.run(TestNG.java:999)
	at org.testng.TestNG.privateMain(TestNG.java:1301)
	at org.testng.TestNG.main(TestNG.java:1265)
</pre></div></td>
<td>127</td>
<td>com.gps.TS_GPS_Smoke@5afa04c</td></tr>
<tr>
<td title='com.gps.TS_GPS_Smoke.tc_GPS_SmokeTest_010()'><b>tc_GPS_SmokeTest_010</b><br>Test class: com.gps.TS_GPS_Smoke<br>Parameters: Default, GPS, excel, excel, GPS QA1 AWS, Deal, null, Deal Offer, 111008, Exclusivity, First Run, Int, Language, Linear, Syndication, New Media, null, TV FVOD, Standard TV, Non-Exclusive, No, Romania, Eastern Hemisphere, Europe, Eastern Europe, null, null, null, 2015, Nov, 13, Deal Offer, Middle East, startDateId, endDateId, 12, 11, 2020, Search, Availability Status, Available From, Available Start Date, 09/01/2017</td>
<td><div><pre>java.lang.AssertionError: Failed CLICK command  :Element [PG_DealOffer.ele_Year] with Locator : //a[@class=&apos;k-link&apos; and contains(text(),&apos;2015&apos;)]
Verification failures : 
 [At : com.gps.LIB_Common.bc_SelectDatePicker(Line:711)]

	at com.thoughtworks.selenium.SeleneseTestBaseVir.failure(SeleneseTestBaseVir.java:654)
	at com.thoughtworks.selenium.SeleneseTestBaseVir.assertTrue(SeleneseTestBaseVir.java:668)
	at com.virtusa.isq.vtaf.runtime.SeleniumTestBase.checkTrue(SeleniumTestBase.java:6269)
	at com.virtusa.isq.vtaf.runtime.SeleniumTestBase.doForceClick(SeleniumTestBase.java:1892)
	at com.virtusa.isq.vtaf.runtime.SeleniumTestBase.forceClick(SeleniumTestBase.java:1798)
	at com.gps.LIB_Common.bc_SelectDatePicker(LIB_Common.java:711)
	at com.gps.LIB_Deal.bc_DealOffer_FillSearchRights(LIB_Deal.java:184)
	at com.gps.TS_GPS_Smoke.tc_GPS_SmokeTest_010(TS_GPS_Smoke.java:873)
	at sun.reflect.NativeMethodAccessorImpl.invoke0(Native Method)
	at sun.reflect.NativeMethodAccessorImpl.invoke(NativeMethodAccessorImpl.java:62)
	at sun.reflect.DelegatingMethodAccessorImpl.invoke(DelegatingMethodAccessorImpl.java:43)
	at java.lang.reflect.Method.invoke(Method.java:498)
	at org.testng.internal.MethodInvocationHelper.invokeMethod(MethodInvocationHelper.java:80)
	at org.testng.internal.Invoker.invokeMethod(Invoker.java:673)
	at org.testng.internal.Invoker.invokeTestMethod(Invoker.java:842)
	at org.testng.internal.Invoker.invokeTestMethods(Invoker.java:1166)
	at org.testng.internal.TestMethodWorker.invokeTestMethods(TestMethodWorker.java:125)
	at org.testng.internal.TestMethodWorker.run(TestMethodWorker.java:109)
	at org.testng.TestRunner.runWorkers(TestRunner.java:1178)
	at org.testng.TestRunner.privateRun(TestRunner.java:757)
	at org.testng.TestRunner.run(TestRunner.java:608)
	at org.testng.SuiteRunner.runTest(SuiteRunner.java:334)
	at org.testng.SuiteRunner.runSequentially(SuiteRunner.java:329)
	at org.testng.SuiteRunner.privateRun(SuiteRunner.java:291)
	at org.testng.SuiteRunner.run(SuiteRunner.java:240)
	at org.testng.SuiteRunnerWorker.runSuite(SuiteRunnerWorker.java:52)
	at org.testng.SuiteRunnerWorker.run(SuiteRunnerWorker.java:86)
	at org.testng.TestNG.runSuitesSequentially(TestNG.java:1158)
	at org.testng.TestNG.runSuitesLocally(TestNG.java:1083)
	at org.testng.TestNG.run(TestNG.java:999)
	at org.testng.TestNG.privateMain(TestNG.java:1301)
	at org.testng.TestNG.main(TestNG.java:1265)
</pre></div><a href='#' onClick='toggleBox("stack-trace1123166613", this, "Click to show all stack frames", "Click to hide stack frames")'>Click to show all stack frames</a>
<div class='stack-trace' id='stack-trace1123166613'><pre>java.lang.AssertionError: Failed CLICK command  :Element [PG_DealOffer.ele_Year] with Locator : //a[@class='k-link' and contains(text(),'2015')]
Verification failures : 
 [At : com.gps.LIB_Common.bc_SelectDatePicker(Line:711)]

	at com.thoughtworks.selenium.SeleneseTestBaseVir.failure(SeleneseTestBaseVir.java:654)
	at com.thoughtworks.selenium.SeleneseTestBaseVir.assertTrue(SeleneseTestBaseVir.java:668)
	at com.virtusa.isq.vtaf.runtime.SeleniumTestBase.checkTrue(SeleniumTestBase.java:6269)
	at com.virtusa.isq.vtaf.runtime.SeleniumTestBase.doForceClick(SeleniumTestBase.java:1892)
	at com.virtusa.isq.vtaf.runtime.SeleniumTestBase.forceClick(SeleniumTestBase.java:1798)
	at com.gps.LIB_Common.bc_SelectDatePicker(LIB_Common.java:711)
	at com.gps.LIB_Deal.bc_DealOffer_FillSearchRights(LIB_Deal.java:184)
	at com.gps.TS_GPS_Smoke.tc_GPS_SmokeTest_010(TS_GPS_Smoke.java:873)
	at sun.reflect.NativeMethodAccessorImpl.invoke0(Native Method)
	at sun.reflect.NativeMethodAccessorImpl.invoke(NativeMethodAccessorImpl.java:62)
	at sun.reflect.DelegatingMethodAccessorImpl.invoke(DelegatingMethodAccessorImpl.java:43)
	at java.lang.reflect.Method.invoke(Method.java:498)
	at org.testng.internal.MethodInvocationHelper.invokeMethod(MethodInvocationHelper.java:80)
	at org.testng.internal.Invoker.invokeMethod(Invoker.java:673)
	at org.testng.internal.Invoker.invokeTestMethod(Invoker.java:842)
	at org.testng.internal.Invoker.invokeTestMethods(Invoker.java:1166)
	at org.testng.internal.TestMethodWorker.invokeTestMethods(TestMethodWorker.java:125)
	at org.testng.internal.TestMethodWorker.run(TestMethodWorker.java:109)
	at org.testng.TestRunner.runWorkers(TestRunner.java:1178)
	at org.testng.TestRunner.privateRun(TestRunner.java:757)
	at org.testng.TestRunner.run(TestRunner.java:608)
	at org.testng.SuiteRunner.runTest(SuiteRunner.java:334)
	at org.testng.SuiteRunner.runSequentially(SuiteRunner.java:329)
	at org.testng.SuiteRunner.privateRun(SuiteRunner.java:291)
	at org.testng.SuiteRunner.run(SuiteRunner.java:240)
	at org.testng.SuiteRunnerWorker.runSuite(SuiteRunnerWorker.java:52)
	at org.testng.SuiteRunnerWorker.run(SuiteRunnerWorker.java:86)
	at org.testng.TestNG.runSuitesSequentially(TestNG.java:1158)
	at org.testng.TestNG.runSuitesLocally(TestNG.java:1083)
	at org.testng.TestNG.run(TestNG.java:999)
	at org.testng.TestNG.privateMain(TestNG.java:1301)
	at org.testng.TestNG.main(TestNG.java:1265)
</pre></div></td>
<td>131</td>
<td>com.gps.TS_GPS_Smoke@5afa04c</td></tr>
</table><p>
<table width='100%' border='1' class='invocation-passed'>
<tr><td colspan='4' align='center'><b>PASSED TESTS</b></td></tr>
<tr><td><b>Test method</b></td>
<td width="30%"><b>Exception</b></td>
<td width="10%"><b>Time (seconds)</b></td>
<td><b>Instance</b></td>
</tr>
<tr>
<td title='com.gps.TS_GPS_Smoke.tc_GPS_SmokeTest_001()'><b>tc_GPS_SmokeTest_001</b><br>Test class: com.gps.TS_GPS_Smoke<br>Parameters: Default, GPS, excel, excel, GPS QA1 AWS</td>
<td></td>
<td>69</td>
<td>com.gps.TS_GPS_Smoke@5afa04c</td></tr>
<tr>
<td title='com.gps.TS_GPS_Smoke.tc_GPS_SmokeTest_002()'><b>tc_GPS_SmokeTest_002</b><br>Test class: com.gps.TS_GPS_Smoke<br>Parameters: Default, GPS, excel, excel, GPS QA1 AWS, null, null</td>
<td></td>
<td>125</td>
<td>com.gps.TS_GPS_Smoke@5afa04c</td></tr>
<tr>
<td title='com.gps.TS_GPS_Smoke.tc_GPS_SmokeTest_004()'><b>tc_GPS_SmokeTest_004</b><br>Test class: com.gps.TS_GPS_Smoke<br>Parameters: Default, GPS, excel, excel, GPS QA1 AWS, 100675, Pawn Stars, null, Programming, Search Programs, null, null, null, null, null, Rights, null, null, Season: 1, Program Id, 1, 2, Rights</td>
<td></td>
<td>106</td>
<td>com.gps.TS_GPS_Smoke@5afa04c</td></tr>
<tr>
<td title='com.gps.TS_GPS_Smoke.tc_GPS_SmokeTest_005()'><b>tc_GPS_SmokeTest_005</b><br>Test class: com.gps.TS_GPS_Smoke<br>Parameters: Default, GPS, excel, excel, GPS QA1 AWS, Deal, null, New Deal, New Deal, Deal Type, Channel Partner Output Deals, Company Name, 1163031 Ontario, Inc., Deal Name, Demo, Channel, Canada: Outdoor Life Network, Deal's Language, All, Delivery Format, .MOV, Primary Territory, Abkhazia, License Period (Years), 2, Selection Period (Days), 2, null, null, null, null, null, null, Save Deal, Deal Saved.</td>
<td></td>
<td>80</td>
<td>com.gps.TS_GPS_Smoke@5afa04c</td></tr>
<tr>
<td title='com.gps.TS_GPS_Smoke.tc_GPS_SmokeTest_006()'><b>tc_GPS_SmokeTest_006</b><br>Test class: com.gps.TS_GPS_Smoke<br>Parameters: Default, GPS, excel, excel, GPS QA1 AWS, Deal, null, Order Details, Search Order Details, Order ID, 12345, Order ID, 12345, Order Status, Shipped</td>
<td></td>
<td>83</td>
<td>com.gps.TS_GPS_Smoke@5afa04c</td></tr>
<tr>
<td title='com.gps.TS_GPS_Smoke.tc_GPS_SmokeTest_007()'><b>tc_GPS_SmokeTest_007</b><br>Test class: com.gps.TS_GPS_Smoke<br>Parameters: Default, GPS, excel, excel, GPS QA1 AWS, Deal, Orders, null, 13680, null, Search, Order ID, Order Status, Shipped</td>
<td></td>
<td>77</td>
<td>com.gps.TS_GPS_Smoke@5afa04c</td></tr>
<tr>
<td title='com.gps.TS_GPS_Smoke.tc_GPS_SmokeTest_008()'><b>tc_GPS_SmokeTest_008</b><br>Test class: com.gps.TS_GPS_Smoke<br>Parameters: Default, GPS, excel, excel, GPS QA1 AWS, Deal, Deal Search, Deal Type, Channel Partner Output Deals, Search, Company, The History Channel (Germany) GmbH & Co.KG, Edit Deal, null</td>
<td></td>
<td>102</td>
<td>com.gps.TS_GPS_Smoke@5afa04c</td></tr>
<tr>
<td title='com.gps.TS_GPS_Smoke.tc_GPS_SmokeTest_012()'><b>tc_GPS_SmokeTest_012</b><br>Test class: com.gps.TS_GPS_Smoke<br>Parameters: Default, GPS, excel, excel, GPS QA1 AWS, Reports, Standard Reports, null</td>
<td></td>
<td>75</td>
<td>com.gps.TS_GPS_Smoke@5afa04c</td></tr>
<tr>
<td title='com.gps.TS_GPS_Smoke.tc_GPS_SmokeTest_014()'><b>tc_GPS_SmokeTest_014</b><br>Test class: com.gps.TS_GPS_Smoke<br>Parameters: Default, GPS, excel, excel, GPS QA1 AWS, null, Reports, New Programs Released Report, 01/01/2017, 06/13/2017, null, null, null</td>
<td></td>
<td>125</td>
<td>com.gps.TS_GPS_Smoke@5afa04c</td></tr>
</table><p>
</body>
</html>