<?xml version="1.0" encoding="UTF-8"?>
<testsuite hostname="ND2-VDI-QA-01" name="com.gps.TS_GPS_Smoke" tests="12" failures="3" timestamp="6 May 2020 11:57:52 GMT" time="1357.62" errors="0">
  <testcase name="tc_GPS_SmokeTest_008" time="102.521" classname="com.gps.TS_GPS_Smoke"/>
  <testcase name="tc_GPS_SmokeTest_007" time="77.754" classname="com.gps.TS_GPS_Smoke"/>
  <testcase name="tc_GPS_SmokeTest_001" time="69.866" classname="com.gps.TS_GPS_Smoke"/>
  <testcase name="tc_GPS_SmokeTest_006" time="83.164" classname="com.gps.TS_GPS_Smoke"/>
  <testcase name="tc_GPS_SmokeTest_005" time="80.454" classname="com.gps.TS_GPS_Smoke"/>
  <testcase name="tc_GPS_SmokeTest_002" time="125.634" classname="com.gps.TS_GPS_Smoke"/>
  <testcase name="tc_GPS_SmokeTest_003" time="87.054" classname="com.gps.TS_GPS_Smoke">
    <failure type="java.lang.AssertionError" message="Failed CLICK command  :Element [PG_GlobalSearchResultPage.btn_FilterSelecting] with Locator : //label[@for=&amp;apos;Biography&amp;apos;]
Verification failures : 
 [At : com.gps.LIB_Dashboard.bc_GlobalSearchforfiltering(Line:77)]
">
      <![CDATA[java.lang.AssertionError: Failed CLICK command  :Element [PG_GlobalSearchResultPage.btn_FilterSelecting] with Locator : //label[@for='Biography']
Verification failures : 
 [At : com.gps.LIB_Dashboard.bc_GlobalSearchforfiltering(Line:77)]

	at com.thoughtworks.selenium.SeleneseTestBaseVir.failure(SeleneseTestBaseVir.java:654)
	at com.thoughtworks.selenium.SeleneseTestBaseVir.assertTrue(SeleneseTestBaseVir.java:668)
	at com.virtusa.isq.vtaf.runtime.SeleniumTestBase.checkTrue(SeleniumTestBase.java:6269)
	at com.virtusa.isq.vtaf.runtime.SeleniumTestBase.doClick(SeleniumTestBase.java:1777)
	at com.virtusa.isq.vtaf.runtime.SeleniumTestBase.click(SeleniumTestBase.java:1674)
	at com.gps.LIB_Dashboard.bc_GlobalSearchforfiltering(LIB_Dashboard.java:77)
	at com.gps.TS_GPS_Smoke.tc_GPS_SmokeTest_003(TS_GPS_Smoke.java:578)
	at sun.reflect.NativeMethodAccessorImpl.invoke0(Native Method)
	at sun.reflect.NativeMethodAccessorImpl.invoke(NativeMethodAccessorImpl.java:62)
	at sun.reflect.DelegatingMethodAccessorImpl.invoke(DelegatingMethodAccessorImpl.java:43)
	at java.lang.reflect.Method.invoke(Method.java:498)
	at org.testng.internal.MethodInvocationHelper.invokeMethod(MethodInvocationHelper.java:80)
	at org.testng.internal.Invoker.invokeMethod(Invoker.java:673)
	at org.testng.internal.Invoker.invokeTestMethod(Invoker.java:842)
	at org.testng.internal.Invoker.invokeTestMethods(Invoker.java:1166)
	at org.testng.internal.TestMethodWorker.invokeTestMethods(TestMethodWorker.java:125)
	at org.testng.internal.TestMethodWorker.run(TestMethodWorker.java:109)
	at org.testng.TestRunner.runWorkers(TestRunner.java:1178)
	at org.testng.TestRunner.privateRun(TestRunner.java:757)
	at org.testng.TestRunner.run(TestRunner.java:608)
	at org.testng.SuiteRunner.runTest(SuiteRunner.java:334)
	at org.testng.SuiteRunner.runSequentially(SuiteRunner.java:329)
	at org.testng.SuiteRunner.privateRun(SuiteRunner.java:291)
	at org.testng.SuiteRunner.run(SuiteRunner.java:240)
	at org.testng.SuiteRunnerWorker.runSuite(SuiteRunnerWorker.java:52)
	at org.testng.SuiteRunnerWorker.run(SuiteRunnerWorker.java:86)
	at org.testng.TestNG.runSuitesSequentially(TestNG.java:1158)
	at org.testng.TestNG.runSuitesLocally(TestNG.java:1083)
	at org.testng.TestNG.run(TestNG.java:999)
	at org.testng.TestNG.privateMain(TestNG.java:1301)
	at org.testng.TestNG.main(TestNG.java:1265)
]]>
    </failure>
  </testcase>
  <testcase name="tc_GPS_SmokeTest_009" time="127.087" classname="com.gps.TS_GPS_Smoke">
    <failure type="java.lang.AssertionError" message="Failed CLICK command  :Element [PG_DealOffer.ele_Year] with Locator : //a[@class=&amp;apos;k-link&amp;apos; and contains(text(),&amp;apos;2015&amp;apos;)]
Verification failures : 
 [At : com.gps.LIB_Common.bc_SelectDatePicker(Line:711)]
">
      <![CDATA[java.lang.AssertionError: Failed CLICK command  :Element [PG_DealOffer.ele_Year] with Locator : //a[@class='k-link' and contains(text(),'2015')]
Verification failures : 
 [At : com.gps.LIB_Common.bc_SelectDatePicker(Line:711)]

	at com.thoughtworks.selenium.SeleneseTestBaseVir.failure(SeleneseTestBaseVir.java:654)
	at com.thoughtworks.selenium.SeleneseTestBaseVir.assertTrue(SeleneseTestBaseVir.java:668)
	at com.virtusa.isq.vtaf.runtime.SeleniumTestBase.checkTrue(SeleniumTestBase.java:6269)
	at com.virtusa.isq.vtaf.runtime.SeleniumTestBase.doForceClick(SeleniumTestBase.java:1892)
	at com.virtusa.isq.vtaf.runtime.SeleniumTestBase.forceClick(SeleniumTestBase.java:1798)
	at com.gps.LIB_Common.bc_SelectDatePicker(LIB_Common.java:711)
	at com.gps.LIB_Deal.bc_DealOffer_FillSearchRights(LIB_Deal.java:184)
	at com.gps.TS_GPS_Smoke.tc_GPS_SmokeTest_009(TS_GPS_Smoke.java:665)
	at sun.reflect.NativeMethodAccessorImpl.invoke0(Native Method)
	at sun.reflect.NativeMethodAccessorImpl.invoke(NativeMethodAccessorImpl.java:62)
	at sun.reflect.DelegatingMethodAccessorImpl.invoke(DelegatingMethodAccessorImpl.java:43)
	at java.lang.reflect.Method.invoke(Method.java:498)
	at org.testng.internal.MethodInvocationHelper.invokeMethod(MethodInvocationHelper.java:80)
	at org.testng.internal.Invoker.invokeMethod(Invoker.java:673)
	at org.testng.internal.Invoker.invokeTestMethod(Invoker.java:842)
	at org.testng.internal.Invoker.invokeTestMethods(Invoker.java:1166)
	at org.testng.internal.TestMethodWorker.invokeTestMethods(TestMethodWorker.java:125)
	at org.testng.internal.TestMethodWorker.run(TestMethodWorker.java:109)
	at org.testng.TestRunner.runWorkers(TestRunner.java:1178)
	at org.testng.TestRunner.privateRun(TestRunner.java:757)
	at org.testng.TestRunner.run(TestRunner.java:608)
	at org.testng.SuiteRunner.runTest(SuiteRunner.java:334)
	at org.testng.SuiteRunner.runSequentially(SuiteRunner.java:329)
	at org.testng.SuiteRunner.privateRun(SuiteRunner.java:291)
	at org.testng.SuiteRunner.run(SuiteRunner.java:240)
	at org.testng.SuiteRunnerWorker.runSuite(SuiteRunnerWorker.java:52)
	at org.testng.SuiteRunnerWorker.run(SuiteRunnerWorker.java:86)
	at org.testng.TestNG.runSuitesSequentially(TestNG.java:1158)
	at org.testng.TestNG.runSuitesLocally(TestNG.java:1083)
	at org.testng.TestNG.run(TestNG.java:999)
	at org.testng.TestNG.privateMain(TestNG.java:1301)
	at org.testng.TestNG.main(TestNG.java:1265)
]]>
    </failure>
  </testcase>
  <testcase name="tc_GPS_SmokeTest_004" time="106.801" classname="com.gps.TS_GPS_Smoke"/>
  <testcase name="tc_GPS_SmokeTest_010" time="131.604" classname="com.gps.TS_GPS_Smoke">
    <failure type="java.lang.AssertionError" message="Failed CLICK command  :Element [PG_DealOffer.ele_Year] with Locator : //a[@class=&amp;apos;k-link&amp;apos; and contains(text(),&amp;apos;2015&amp;apos;)]
Verification failures : 
 [At : com.gps.LIB_Common.bc_SelectDatePicker(Line:711)]
">
      <![CDATA[java.lang.AssertionError: Failed CLICK command  :Element [PG_DealOffer.ele_Year] with Locator : //a[@class='k-link' and contains(text(),'2015')]
Verification failures : 
 [At : com.gps.LIB_Common.bc_SelectDatePicker(Line:711)]

	at com.thoughtworks.selenium.SeleneseTestBaseVir.failure(SeleneseTestBaseVir.java:654)
	at com.thoughtworks.selenium.SeleneseTestBaseVir.assertTrue(SeleneseTestBaseVir.java:668)
	at com.virtusa.isq.vtaf.runtime.SeleniumTestBase.checkTrue(SeleniumTestBase.java:6269)
	at com.virtusa.isq.vtaf.runtime.SeleniumTestBase.doForceClick(SeleniumTestBase.java:1892)
	at com.virtusa.isq.vtaf.runtime.SeleniumTestBase.forceClick(SeleniumTestBase.java:1798)
	at com.gps.LIB_Common.bc_SelectDatePicker(LIB_Common.java:711)
	at com.gps.LIB_Deal.bc_DealOffer_FillSearchRights(LIB_Deal.java:184)
	at com.gps.TS_GPS_Smoke.tc_GPS_SmokeTest_010(TS_GPS_Smoke.java:873)
	at sun.reflect.NativeMethodAccessorImpl.invoke0(Native Method)
	at sun.reflect.NativeMethodAccessorImpl.invoke(NativeMethodAccessorImpl.java:62)
	at sun.reflect.DelegatingMethodAccessorImpl.invoke(DelegatingMethodAccessorImpl.java:43)
	at java.lang.reflect.Method.invoke(Method.java:498)
	at org.testng.internal.MethodInvocationHelper.invokeMethod(MethodInvocationHelper.java:80)
	at org.testng.internal.Invoker.invokeMethod(Invoker.java:673)
	at org.testng.internal.Invoker.invokeTestMethod(Invoker.java:842)
	at org.testng.internal.Invoker.invokeTestMethods(Invoker.java:1166)
	at org.testng.internal.TestMethodWorker.invokeTestMethods(TestMethodWorker.java:125)
	at org.testng.internal.TestMethodWorker.run(TestMethodWorker.java:109)
	at org.testng.TestRunner.runWorkers(TestRunner.java:1178)
	at org.testng.TestRunner.privateRun(TestRunner.java:757)
	at org.testng.TestRunner.run(TestRunner.java:608)
	at org.testng.SuiteRunner.runTest(SuiteRunner.java:334)
	at org.testng.SuiteRunner.runSequentially(SuiteRunner.java:329)
	at org.testng.SuiteRunner.privateRun(SuiteRunner.java:291)
	at org.testng.SuiteRunner.run(SuiteRunner.java:240)
	at org.testng.SuiteRunnerWorker.runSuite(SuiteRunnerWorker.java:52)
	at org.testng.SuiteRunnerWorker.run(SuiteRunnerWorker.java:86)
	at org.testng.TestNG.runSuitesSequentially(TestNG.java:1158)
	at org.testng.TestNG.runSuitesLocally(TestNG.java:1083)
	at org.testng.TestNG.run(TestNG.java:999)
	at org.testng.TestNG.privateMain(TestNG.java:1301)
	at org.testng.TestNG.main(TestNG.java:1265)
]]>
    </failure>
  </testcase>
  <testcase name="tc_GPS_SmokeTest_012" time="75.215" classname="com.gps.TS_GPS_Smoke"/>
  <testcase name="tc_GPS_SmokeTest_014" time="125.33" classname="com.gps.TS_GPS_Smoke"/>
</testsuite>
